{"total": {"lines":{"total":118,"covered":71,"skipped":0,"pct":60.16},"statements":{"total":123,"covered":71,"skipped":0,"pct":57.72},"functions":{"total":29,"covered":12,"skipped":0,"pct":41.37},"branches":{"total":28,"covered":12,"skipped":0,"pct":42.85},"branchesTrue":{"total":0,"covered":0,"skipped":0,"pct":100}}
,"/home/budi/Documents/coodesh-challenge/Challenge-Coodesh-Back-End/src/api/controllers/Article.ts": {"lines":{"total":60,"covered":39,"skipped":0,"pct":65},"functions":{"total":7,"covered":6,"skipped":0,"pct":85.71},"statements":{"total":62,"covered":39,"skipped":0,"pct":62.9},"branches":{"total":16,"covered":8,"skipped":0,"pct":50}}
,"/home/budi/Documents/coodesh-challenge/Challenge-Coodesh-Back-End/src/api/controllers/Controller.ts": {"lines":{"total":8,"covered":8,"skipped":0,"pct":100},"functions":{"total":2,"covered":2,"skipped":0,"pct":100},"statements":{"total":8,"covered":8,"skipped":0,"pct":100},"branches":{"total":2,"covered":2,"skipped":0,"pct":100}}
,"/home/budi/Documents/coodesh-challenge/Challenge-Coodesh-Back-End/src/api/services/Article.ts": {"lines":{"total":24,"covered":9,"skipped":0,"pct":37.5},"functions":{"total":5,"covered":1,"skipped":0,"pct":20},"statements":{"total":24,"covered":9,"skipped":0,"pct":37.5},"branches":{"total":7,"covered":1,"skipped":0,"pct":14.28}}
,"/home/budi/Documents/coodesh-challenge/Challenge-Coodesh-Back-End/src/api/services/Service.ts": {"lines":{"total":8,"covered":2,"skipped":0,"pct":25},"functions":{"total":7,"covered":1,"skipped":0,"pct":14.28},"statements":{"total":8,"covered":2,"skipped":0,"pct":25},"branches":{"total":0,"covered":0,"skipped":0,"pct":100}}
,"/home/budi/Documents/coodesh-challenge/Challenge-Coodesh-Back-End/src/database/models/Article.ts": {"lines":{"total":5,"covered":5,"skipped":0,"pct":100},"functions":{"total":1,"covered":1,"skipped":0,"pct":100},"statements":{"total":5,"covered":5,"skipped":0,"pct":100},"branches":{"total":1,"covered":1,"skipped":0,"pct":100}}
,"/home/budi/Documents/coodesh-challenge/Challenge-Coodesh-Back-End/src/database/models/MongoModel.ts": {"lines":{"total":13,"covered":8,"skipped":0,"pct":61.53},"functions":{"total":7,"covered":1,"skipped":0,"pct":14.28},"statements":{"total":16,"covered":8,"skipped":0,"pct":50},"branches":{"total":2,"covered":0,"skipped":0,"pct":0}}
}
